<?xml version="1.0" encoding="UTF-8"?>
<!-- Generated by org.testng.reporters.JUnitReportReporter -->
<testsuite hostname="hengxin-ubuntu" failures="0" tests="1" name="dragon.lexer.DragonLexerTest" time="0.040" errors="0" timestamp="13 Nov 2021 12:17:39 GMT" skipped="0">
  <testcase classname="dragon.lexer.DragonLexerTest" name="testNextToken" time="0.040"/>
</testsuite> <!-- dragon.lexer.DragonLexerTest -->
